This is pdfTeX, Version 3.141592653-2.6-1.40.22 (TeX Live 2022/dev/Debian) (preloaded format=pdflatex 2023.7.17)  13 JAN 2024 20:01
entering extended mode
 restricted \write18 enabled.
 file:line:error style messages enabled.
 %&-line parsing enabled.
**/home/hieuph/Projects/07_growbox/Documentation/documentation.tex
(/home/hieuph/Projects/07_growbox/Documentation/documentation.tex
LaTeX2e <2021-11-15> patch level 1
L3 programming layer <2022-01-21> (/usr/share/texlive/texmf-dist/tex/latex/base/article.cls
Document Class: article 2021/10/04 v1.4n Standard LaTeX document class
(/usr/share/texlive/texmf-dist/tex/latex/base/size10.clo
File: size10.clo 2021/10/04 v1.4n Standard LaTeX file (size option)
)
\c@part=\count185
\c@section=\count186
\c@subsection=\count187
\c@subsubsection=\count188
\c@paragraph=\count189
\c@subparagraph=\count190
\c@figure=\count191
\c@table=\count192
\abovecaptionskip=\skip47
\belowcaptionskip=\skip48
\bibindent=\dimen138
) (/usr/share/texlive/texmf-dist/tex/latex/l3backend/l3backend-pdftex.def
File: l3backend-pdftex.def 2022-01-12 L3 backend support: PDF output (pdfTeX)
\l__color_backend_stack_int=\count193
\l__pdf_internal_box=\box50
) (./documentation.aux (./0_misc/abstract.aux) (./0_misc/contents.aux) (./1_introduction/introduction.aux) (./2_materials_methods/materials_methods.aux) (./3_procedure/procedure.aux) (./4_results/results.aux) (./5_hurdles/hurdles.aux) (./A_Appendix/LittleFS.aux))
\openout1 = `documentation.aux'.

LaTeX Font Info:    Checking defaults for OML/cmm/m/it on input line 4.
LaTeX Font Info:    ... okay on input line 4.
LaTeX Font Info:    Checking defaults for OMS/cmsy/m/n on input line 4.
LaTeX Font Info:    ... okay on input line 4.
LaTeX Font Info:    Checking defaults for OT1/cmr/m/n on input line 4.
LaTeX Font Info:    ... okay on input line 4.
LaTeX Font Info:    Checking defaults for T1/cmr/m/n on input line 4.
LaTeX Font Info:    ... okay on input line 4.
LaTeX Font Info:    Checking defaults for TS1/cmr/m/n on input line 4.
LaTeX Font Info:    ... okay on input line 4.
LaTeX Font Info:    Checking defaults for OMX/cmex/m/n on input line 4.
LaTeX Font Info:    ... okay on input line 4.
LaTeX Font Info:    Checking defaults for U/cmr/m/n on input line 4.
LaTeX Font Info:    ... okay on input line 4.
\openout2 = `0_misc/abstract.aux'.

 (./0_misc/abstract.tex)
\openout2 = `0_misc/contents.aux'.

 (./0_misc/contents.tex (./documentation.toc
LaTeX Font Info:    External font `cmex10' loaded for size
(Font)              <7> on input line 3.
LaTeX Font Info:    External font `cmex10' loaded for size
(Font)              <5> on input line 3.
)
\tf@toc=\write3
\openout3 = `documentation.toc'.

) [1





{/var/lib/texmf/fonts/map/pdftex/updmap/pdftex.map}]
\openout2 = `1_introduction/introduction.aux'.

 (./1_introduction/introduction.tex) [2



]
\openout2 = `2_materials_methods/materials_methods.aux'.

 (./2_materials_methods/materials_methods.tex) [3



]
\openout2 = `3_procedure/procedure.aux'.

 (./3_procedure/procedure.tex)
\openout2 = `4_results/results.aux'.

 (./4_results/results.tex)
\openout2 = `5_hurdles/hurdles.aux'.

 (./5_hurdles/hurdles.tex)
\openout2 = `A_Appendix/LittleFS.aux'.

 (./A_Appendix/LittleFS.tex)
Overfull \hbox (51.7786pt too wide) in paragraph at lines 2--13
\OT1/cmr/m/n/10 Upload html, css, js files to ESP8266 (or any file) https://randomnerdtutorials.com/esp8266-
 []

[4












] (./documentation.aux (./0_misc/abstract.aux) (./0_misc/contents.aux) (./1_introduction/introduction.aux) (./2_materials_methods/materials_methods.aux) (./3_procedure/procedure.aux) (./4_results/results.aux) (./5_hurdles/hurdles.aux) (./A_Appendix/LittleFS.aux)) ) 
Here is how much of TeX's memory you used:
 646 strings out of 480247
 16586 string characters out of 5896151
 296479 words of memory out of 5000000
 18603 multiletter control sequences out of 15000+600000
 470777 words of font info for 33 fonts, out of 8000000 for 9000
 14 hyphenation exceptions out of 8191
 34i,5n,38p,287b,109s stack positions out of 5000i,500n,10000p,200000b,80000s
</usr/share/texlive/texmf-dist/fonts/type1/public/amsfonts/cm/cmbx10.pfb></usr/share/texlive/texmf-dist/fonts/type1/public/amsfonts/cm/cmbx12.pfb></usr/share/texlive/texmf-dist/fonts/type1/public/amsfonts/cm/cmr10.pfb>
Output written on documentation.pdf (4 pages, 54173 bytes).
PDF statistics:
 32 PDF objects out of 1000 (max. 8388607)
 19 compressed objects within 1 object stream
 0 named destinations out of 1000 (max. 500000)
 1 words of extra memory for PDF output out of 10000 (max. 10000000)

